<?xml version="1.0" encoding="UTF-8"?>
<!-- Generated by org.testng.reporters.JUnitXMLReporter -->
<testsuite ignored="0" hostname="DESKTOP-JCMJ3M2" failures="0" tests="4" name="Default test" time="6.618" errors="0" timestamp="2022-11-08T11:44:25 IST">
  <testcase classname="amazonpage.Login" name="title" time="0.082"/>
  <testcase classname="amazonpage.Operations" name="getUrl" time="0.017"/>
  <testcase classname="amazonpage.Operations" name="dropdown" time="0.769"/>
  <testcase classname="amazonpage.Operations" name="screenshot" time="0.409"/>
</testsuite> <!-- Default test -->
